<?xml version="1.0" encoding="UTF-8"?>
<!-- Generated by org.testng.reporters.JUnitReportReporter -->
<testsuite hostname="kuba-Komputer" name="facebook.FaceBookTest" tests="1" failures="0" timestamp="24 Feb 2015 18:41:34 GMT" time="16.453" errors="0">
  <testcase name="testFaceBook" time="16.453" classname="facebook.FaceBookTest"/>
</testsuite> <!-- facebook.FaceBookTest -->
