<?xml version="1.0" encoding="UTF-8"?>
<!-- Generated by org.testng.reporters.JUnitReportReporter -->
<testsuite hostname="kuba-Komputer" name="facebook.FaceBookTest" tests="1" failures="0" timestamp="24 Feb 2015 21:17:32 GMT" time="15.856" errors="0">
  <testcase name="testFaceBook" time="15.856" classname="facebook.FaceBookTest"/>
</testsuite> <!-- facebook.FaceBookTest -->
